<?xml version="1.0" encoding="UTF-8"?>
<!-- Generated by org.testng.reporters.JUnitXMLReporter -->
<testsuite hostname="INBASDPC06335" ignored="0" name="Test" tests="2" failures="1" timestamp="21 Jan 2019 06:48:04 GMT" time="12.155" errors="0">
  <testcase name="test" time="4.295" classname="JavaTest.Pass"/>
  <testcase name="test_UsingHardAssertion" time="0.003" classname="JavaTest.Fail">
    <failure type="java.lang.AssertionError" message="expected [HardAssertion] but found [HardAsser]">
      <![CDATA[java.lang.AssertionError: expected [HardAssertion] but found [HardAsser]
at JavaTest.Fail.test_UsingHardAssertion(Fail.java:15)
... Removed 31 stack frames]]>
    </failure>
  </testcase> <!-- test_UsingHardAssertion -->
</testsuite> <!-- Test -->
